2026-03-10 08:00:05 INFO Log line 1 - System operation normal
2026-03-10 08:00:10 INFO Log line 2 - System operation normal
2026-03-10 08:00:15 INFO Log line 3 - System operation normal
2026-03-10 08:00:20 INFO Log line 4 - System operation normal
2026-03-10 08:00:25 INFO Log line 5 - System operation normal
2026-03-10 08:00:30 INFO Log line 6 - System operation normal
2026-03-10 08:00:35 INFO Log line 7 - System operation normal
2026-03-10 08:00:40 INFO Log line 8 - System operation normal
2026-03-10 08:00:45 INFO Log line 9 - System operation normal
2026-03-10 08:00:50 INFO System baseline is stable. Memory at 38%
2026-03-10 08:00:55 INFO Log line 11 - System operation normal
2026-03-10 08:01:00 INFO Log line 12 - System operation normal
2026-03-10 08:01:05 INFO Log line 13 - System operation normal
2026-03-10 08:01:10 INFO Log line 14 - System operation normal
2026-03-10 08:01:15 INFO Log line 15 - System operation normal
2026-03-10 08:01:20 INFO Log line 16 - System operation normal
2026-03-10 08:01:25 INFO Log line 17 - System operation normal
2026-03-10 08:01:30 INFO Log line 18 - System operation normal
2026-03-10 08:01:35 INFO Log line 19 - System operation normal
2026-03-10 08:01:40 INFO System baseline is stable. Memory at 37%
2026-03-10 08:01:45 INFO Log line 21 - System operation normal
2026-03-10 08:01:50 INFO Log line 22 - System operation normal
2026-03-10 08:01:55 INFO Log line 23 - System operation normal
2026-03-10 08:02:00 INFO Log line 24 - System operation normal
2026-03-10 08:02:05 INFO Log line 25 - System operation normal
2026-03-10 08:02:10 INFO Log line 26 - System operation normal
2026-03-10 08:02:15 INFO Log line 27 - System operation normal
2026-03-10 08:02:20 INFO Log line 28 - System operation normal
2026-03-10 08:02:25 INFO Log line 29 - System operation normal
2026-03-10 08:02:30 INFO System baseline is stable. Memory at 38%
2026-03-10 08:02:35 INFO Log line 31 - System operation normal
2026-03-10 08:02:40 INFO Log line 32 - System operation normal
2026-03-10 08:02:45 INFO Log line 33 - System operation normal
2026-03-10 08:02:50 INFO Log line 34 - System operation normal
2026-03-10 08:02:55 INFO Log line 35 - System operation normal
2026-03-10 08:03:00 INFO Log line 36 - System operation normal
2026-03-10 08:03:05 INFO Log line 37 - System operation normal
2026-03-10 08:03:10 INFO Log line 38 - System operation normal
2026-03-10 08:03:15 INFO Log line 39 - System operation normal
2026-03-10 08:03:20 INFO System baseline is stable. Memory at 37%
2026-03-10 08:03:25 INFO Log line 41 - System operation normal
2026-03-10 08:03:30 INFO Log line 42 - System operation normal
2026-03-10 08:03:35 INFO Log line 43 - System operation normal
2026-03-10 08:03:40 INFO Log line 44 - System operation normal
2026-03-10 08:03:45 ERROR Database connection timeout on port 5432
2026-03-10 08:03:50 INFO Log line 46 - System operation normal
2026-03-10 08:03:55 INFO Log line 47 - System operation normal
2026-03-10 08:04:00 INFO Log line 48 - System operation normal
2026-03-10 08:04:05 INFO Log line 49 - System operation normal
2026-03-10 08:04:10 INFO System baseline is stable. Memory at 42%
2026-03-10 08:04:15 INFO Log line 51 - System operation normal
2026-03-10 08:04:20 INFO Log line 52 - System operation normal
2026-03-10 08:04:25 INFO Log line 53 - System operation normal
2026-03-10 08:04:30 INFO Log line 54 - System operation normal
2026-03-10 08:04:35 INFO Log line 55 - System operation normal
2026-03-10 08:04:40 INFO Log line 56 - System operation normal
2026-03-10 08:04:45 INFO Log line 57 - System operation normal
2026-03-10 08:04:50 INFO Log line 58 - System operation normal
2026-03-10 08:04:55 INFO Log line 59 - System operation normal
2026-03-10 08:05:00 INFO System baseline is stable. Memory at 41%
2026-03-10 08:05:05 INFO Log line 61 - System operation normal
2026-03-10 08:05:10 INFO Log line 62 - System operation normal
2026-03-10 08:05:15 INFO Log line 63 - System operation normal
2026-03-10 08:05:20 INFO Log line 64 - System operation normal
2026-03-10 08:05:25 INFO Log line 65 - System operation normal
2026-03-10 08:05:30 INFO Log line 66 - System operation normal
2026-03-10 08:05:35 INFO Log line 67 - System operation normal
2026-03-10 08:05:40 INFO Log line 68 - System operation normal
2026-03-10 08:05:45 INFO Log line 69 - System operation normal
2026-03-10 08:05:50 INFO System baseline is stable. Memory at 41%
2026-03-10 08:05:55 INFO Log line 71 - System operation normal
2026-03-10 08:06:00 INFO Log line 72 - System operation normal
2026-03-10 08:06:05 INFO Log line 73 - System operation normal
2026-03-10 08:06:10 INFO Log line 74 - System operation normal
2026-03-10 08:06:15 INFO Log line 75 - System operation normal
2026-03-10 08:06:20 INFO Log line 76 - System operation normal
2026-03-10 08:06:25 INFO Log line 77 - System operation normal
2026-03-10 08:06:30 INFO Log line 78 - System operation normal
2026-03-10 08:06:35 INFO Log line 79 - System operation normal
2026-03-10 08:06:40 INFO System baseline is stable. Memory at 45%
2026-03-10 08:06:45 INFO Log line 81 - System operation normal
2026-03-10 08:06:50 WARN Memory usage spiked to 95%
2026-03-10 08:06:55 INFO Log line 83 - System operation normal
2026-03-10 08:07:00 INFO Log line 84 - System operation normal
2026-03-10 08:07:05 INFO Log line 85 - System operation normal
2026-03-10 08:07:10 INFO Log line 86 - System operation normal
2026-03-10 08:07:15 INFO Log line 87 - System operation normal
2026-03-10 08:07:20 INFO Log line 88 - System operation normal
2026-03-10 08:07:25 INFO Log line 89 - System operation normal
2026-03-10 08:07:30 INFO System baseline is stable. Memory at 36%
2026-03-10 08:07:35 INFO Log line 91 - System operation normal
2026-03-10 08:07:40 INFO Log line 92 - System operation normal
2026-03-10 08:07:45 INFO Log line 93 - System operation normal
2026-03-10 08:07:50 INFO Log line 94 - System operation normal
2026-03-10 08:07:55 INFO Log line 95 - System operation normal
2026-03-10 08:08:00 INFO Log line 96 - System operation normal
2026-03-10 08:08:05 INFO Log line 97 - System operation normal
2026-03-10 08:08:10 INFO Log line 98 - System operation normal
2026-03-10 08:08:15 INFO Log line 99 - System operation normal
2026-03-10 08:08:20 INFO System baseline is stable. Memory at 38%
2026-03-10 08:08:25 INFO Log line 101 - System operation normal
2026-03-10 08:08:30 INFO Log line 102 - System operation normal
2026-03-10 08:08:35 INFO Log line 103 - System operation normal
2026-03-10 08:08:40 INFO Log line 104 - System operation normal
2026-03-10 08:08:45 INFO Log line 105 - System operation normal
2026-03-10 08:08:50 INFO Log line 106 - System operation normal
2026-03-10 08:08:55 INFO Log line 107 - System operation normal
2026-03-10 08:09:00 INFO Log line 108 - System operation normal
2026-03-10 08:09:05 INFO Log line 109 - System operation normal
2026-03-10 08:09:10 INFO System baseline is stable. Memory at 37%
2026-03-10 08:09:15 INFO Log line 111 - System operation normal
2026-03-10 08:09:20 INFO Log line 112 - System operation normal
2026-03-10 08:09:25 INFO Log line 113 - System operation normal
2026-03-10 08:09:30 INFO Log line 114 - System operation normal
2026-03-10 08:09:35 ERROR Failed to authenticate user 'admin'
2026-03-10 08:09:40 INFO Log line 116 - System operation normal
2026-03-10 08:09:45 INFO Log line 117 - System operation normal
2026-03-10 08:09:50 INFO Log line 118 - System operation normal
2026-03-10 08:09:55 INFO Log line 119 - System operation normal
2026-03-10 08:10:00 INFO System baseline is stable. Memory at 41%
2026-03-10 08:10:05 INFO Log line 121 - System operation normal
2026-03-10 08:10:10 INFO Log line 122 - System operation normal
2026-03-10 08:10:15 INFO Log line 123 - System operation normal
2026-03-10 08:10:20 INFO Log line 124 - System operation normal
2026-03-10 08:10:25 INFO Log line 125 - System operation normal
2026-03-10 08:10:30 INFO Log line 126 - System operation normal
2026-03-10 08:10:35 INFO Log line 127 - System operation normal
2026-03-10 08:10:40 INFO Log line 128 - System operation normal
2026-03-10 08:10:45 INFO Log line 129 - System operation normal
2026-03-10 08:10:50 INFO System baseline is stable. Memory at 41%
2026-03-10 08:10:55 INFO Log line 131 - System operation normal
2026-03-10 08:11:00 INFO Log line 132 - System operation normal
2026-03-10 08:11:05 INFO Log line 133 - System operation normal
2026-03-10 08:11:10 INFO Log line 134 - System operation normal
2026-03-10 08:11:15 INFO Log line 135 - System operation normal
2026-03-10 08:11:20 INFO Log line 136 - System operation normal
2026-03-10 08:11:25 INFO Log line 137 - System operation normal
2026-03-10 08:11:30 INFO Log line 138 - System operation normal
2026-03-10 08:11:35 INFO Log line 139 - System operation normal
2026-03-10 08:11:40 INFO System baseline is stable. Memory at 39%
2026-03-10 08:11:45 INFO Log line 141 - System operation normal
2026-03-10 08:11:50 INFO Log line 142 - System operation normal
2026-03-10 08:11:55 INFO Log line 143 - System operation normal
2026-03-10 08:12:00 INFO Log line 144 - System operation normal
2026-03-10 08:12:05 INFO Log line 145 - System operation normal
2026-03-10 08:12:10 INFO Log line 146 - System operation normal
2026-03-10 08:12:15 INFO Log line 147 - System operation normal
2026-03-10 08:12:20 INFO Log line 148 - System operation normal
2026-03-10 08:12:25 INFO Log line 149 - System operation normal
2026-03-10 08:12:30 INFO System baseline is stable. Memory at 36%
